[debug] [2022-09-15T09:18:04.782Z] ----------------------------------------------------------------------
[debug] [2022-09-15T09:18:04.783Z] Command:       C:\Program Files\nodejs\node.exe C:\Users\justa\AppData\Roaming\npm\node_modules\firebase-tools\lib\bin\firebase.js init
[debug] [2022-09-15T09:18:04.784Z] CLI Version:   11.9.0
[debug] [2022-09-15T09:18:04.784Z] Platform:      win32
[debug] [2022-09-15T09:18:04.784Z] Node Version:  v16.15.0
[debug] [2022-09-15T09:18:04.784Z] Time:          Thu Sep 15 2022 17:18:04 GMT+0800 (Singapore Standard Time)
[debug] [2022-09-15T09:18:04.784Z] ----------------------------------------------------------------------
[debug] 
[debug] [2022-09-15T09:18:04.790Z] > command requires scopes: ["email","openid","https://www.googleapis.com/auth/cloudplatformprojects.readonly","https://www.googleapis.com/auth/firebase","https://www.googleapis.com/auth/cloud-platform"]
[debug] [2022-09-15T09:18:04.790Z] > authorizing via signed-in user (justathai@gmail.com)
[info] 
     ######## #### ########  ######## ########     ###     ######  ########
     ##        ##  ##     ## ##       ##     ##  ##   ##  ##       ##
     ######    ##  ########  ######   ########  #########  ######  ######
     ##        ##  ##    ##  ##       ##     ## ##     ##       ## ##
     ##       #### ##     ## ######## ########  ##     ##  ######  ########

You're about to initialize a Firebase project in this directory:

  C:\Users\justa\Desktop\Pain\Depression\open-react-template

[info] 
=== Project Setup
[info] 
[info] First, let's associate this project directory with a Firebase project.
[info] You can create multiple project aliases by running firebase use --add, 
[info] but for now we'll just set up a default project.
[info] 
[info] i  If you want to create a project in a Google Cloud organization or folder, please use "firebase projects:create" instead, and return to this command when you've created the project. 
[debug] [2022-09-15T09:18:31.518Z] > refreshing access token with scopes: []
[debug] [2022-09-15T09:18:31.520Z] >>> [apiv2][query] POST https://www.googleapis.com/oauth2/v3/token [none]
[debug] [2022-09-15T09:18:31.520Z] >>> [apiv2][body] POST https://www.googleapis.com/oauth2/v3/token [omitted]
[debug] [2022-09-15T09:18:31.604Z] <<< [apiv2][status] POST https://www.googleapis.com/oauth2/v3/token 200
[debug] [2022-09-15T09:18:31.604Z] <<< [apiv2][body] POST https://www.googleapis.com/oauth2/v3/token [omitted]
[debug] [2022-09-15T09:18:31.639Z] >>> [apiv2][query] POST https://cloudresourcemanager.googleapis.com/v1/projects [none]
[debug] [2022-09-15T09:18:31.639Z] >>> [apiv2][body] POST https://cloudresourcemanager.googleapis.com/v1/projects {"projectId":"new-paratlas-landing","name":"par-landing"}
[debug] [2022-09-15T09:18:33.265Z] <<< [apiv2][status] POST https://cloudresourcemanager.googleapis.com/v1/projects 200
[debug] [2022-09-15T09:18:33.265Z] <<< [apiv2][body] POST https://cloudresourcemanager.googleapis.com/v1/projects {"name":"operations/cp.7283278570325001994"}
[debug] [2022-09-15T09:18:33.266Z] >>> [apiv2][query] GET https://cloudresourcemanager.googleapis.com/v1/operations/cp.7283278570325001994 [none]
[debug] [2022-09-15T09:18:34.569Z] <<< [apiv2][status] GET https://cloudresourcemanager.googleapis.com/v1/operations/cp.7283278570325001994 200
[debug] [2022-09-15T09:18:34.569Z] <<< [apiv2][body] GET https://cloudresourcemanager.googleapis.com/v1/operations/cp.7283278570325001994 {"name":"operations/cp.7283278570325001994"}
[debug] [2022-09-15T09:18:35.074Z] [Project Creation Poller] Retrying task index 0
[debug] [2022-09-15T09:18:35.075Z] >>> [apiv2][query] GET https://cloudresourcemanager.googleapis.com/v1/operations/cp.7283278570325001994 [none]
[debug] [2022-09-15T09:18:36.440Z] <<< [apiv2][status] GET https://cloudresourcemanager.googleapis.com/v1/operations/cp.7283278570325001994 200
[debug] [2022-09-15T09:18:36.440Z] <<< [apiv2][body] GET https://cloudresourcemanager.googleapis.com/v1/operations/cp.7283278570325001994 {"name":"operations/cp.7283278570325001994","metadata":{"@type":"type.googleapis.com/google.cloudresourcemanager.v1.ProjectCreationStatus","gettable":true}}
[debug] [2022-09-15T09:18:37.450Z] [Project Creation Poller] Retrying task index 0
[debug] [2022-09-15T09:18:37.450Z] >>> [apiv2][query] GET https://cloudresourcemanager.googleapis.com/v1/operations/cp.7283278570325001994 [none]
[debug] [2022-09-15T09:18:38.822Z] <<< [apiv2][status] GET https://cloudresourcemanager.googleapis.com/v1/operations/cp.7283278570325001994 200
[debug] [2022-09-15T09:18:38.822Z] <<< [apiv2][body] GET https://cloudresourcemanager.googleapis.com/v1/operations/cp.7283278570325001994 {"name":"operations/cp.7283278570325001994","metadata":{"@type":"type.googleapis.com/google.cloudresourcemanager.v1.ProjectCreationStatus","gettable":true,"ready":true},"done":true,"response":{"@type":"type.googleapis.com/google.cloudresourcemanager.v1.Project","projectNumber":"423198708032","projectId":"new-paratlas-landing","lifecycleState":"ACTIVE","name":"par-landing","createTime":"2022-09-15T09:18:32.995Z"}}
[debug] [2022-09-15T09:18:38.824Z] >>> [apiv2][query] POST https://firebase.googleapis.com/v1beta1/projects/new-paratlas-landing:addFirebase [none]
[debug] [2022-09-15T09:18:41.946Z] <<< [apiv2][status] POST https://firebase.googleapis.com/v1beta1/projects/new-paratlas-landing:addFirebase 200
[debug] [2022-09-15T09:18:41.946Z] <<< [apiv2][body] POST https://firebase.googleapis.com/v1beta1/projects/new-paratlas-landing:addFirebase {"name":"operations/workflows/OWZkNmUzMTEtNzEyYi00OGUwLTlmYjctMzRjNDI0ZWI4OWY2"}
[debug] [2022-09-15T09:18:41.947Z] >>> [apiv2][query] GET https://firebase.googleapis.com/v1beta1/operations/workflows/OWZkNmUzMTEtNzEyYi00OGUwLTlmYjctMzRjNDI0ZWI4OWY2 [none]
[debug] [2022-09-15T09:18:42.949Z] <<< [apiv2][status] GET https://firebase.googleapis.com/v1beta1/operations/workflows/OWZkNmUzMTEtNzEyYi00OGUwLTlmYjctMzRjNDI0ZWI4OWY2 200
[debug] [2022-09-15T09:18:42.949Z] <<< [apiv2][body] GET https://firebase.googleapis.com/v1beta1/operations/workflows/OWZkNmUzMTEtNzEyYi00OGUwLTlmYjctMzRjNDI0ZWI4OWY2 {"name":"operations/workflows/OWZkNmUzMTEtNzEyYi00OGUwLTlmYjctMzRjNDI0ZWI4OWY2"}
[debug] [2022-09-15T09:18:43.456Z] [Add Firebase Poller] Retrying task index 0
[debug] [2022-09-15T09:18:43.457Z] >>> [apiv2][query] GET https://firebase.googleapis.com/v1beta1/operations/workflows/OWZkNmUzMTEtNzEyYi00OGUwLTlmYjctMzRjNDI0ZWI4OWY2 [none]
[debug] [2022-09-15T09:18:44.543Z] <<< [apiv2][status] GET https://firebase.googleapis.com/v1beta1/operations/workflows/OWZkNmUzMTEtNzEyYi00OGUwLTlmYjctMzRjNDI0ZWI4OWY2 200
[debug] [2022-09-15T09:18:44.543Z] <<< [apiv2][body] GET https://firebase.googleapis.com/v1beta1/operations/workflows/OWZkNmUzMTEtNzEyYi00OGUwLTlmYjctMzRjNDI0ZWI4OWY2 {"name":"operations/workflows/OWZkNmUzMTEtNzEyYi00OGUwLTlmYjctMzRjNDI0ZWI4OWY2"}
[debug] [2022-09-15T09:18:45.549Z] [Add Firebase Poller] Retrying task index 0
[debug] [2022-09-15T09:18:45.549Z] >>> [apiv2][query] GET https://firebase.googleapis.com/v1beta1/operations/workflows/OWZkNmUzMTEtNzEyYi00OGUwLTlmYjctMzRjNDI0ZWI4OWY2 [none]
[debug] [2022-09-15T09:18:46.199Z] <<< [apiv2][status] GET https://firebase.googleapis.com/v1beta1/operations/workflows/OWZkNmUzMTEtNzEyYi00OGUwLTlmYjctMzRjNDI0ZWI4OWY2 200
[debug] [2022-09-15T09:18:46.200Z] <<< [apiv2][body] GET https://firebase.googleapis.com/v1beta1/operations/workflows/OWZkNmUzMTEtNzEyYi00OGUwLTlmYjctMzRjNDI0ZWI4OWY2 {"name":"operations/workflows/OWZkNmUzMTEtNzEyYi00OGUwLTlmYjctMzRjNDI0ZWI4OWY2"}
[debug] [2022-09-15T09:18:48.201Z] [Add Firebase Poller] Retrying task index 0
[debug] [2022-09-15T09:18:48.201Z] >>> [apiv2][query] GET https://firebase.googleapis.com/v1beta1/operations/workflows/OWZkNmUzMTEtNzEyYi00OGUwLTlmYjctMzRjNDI0ZWI4OWY2 [none]
[debug] [2022-09-15T09:18:49.019Z] <<< [apiv2][status] GET https://firebase.googleapis.com/v1beta1/operations/workflows/OWZkNmUzMTEtNzEyYi00OGUwLTlmYjctMzRjNDI0ZWI4OWY2 200
[debug] [2022-09-15T09:18:49.019Z] <<< [apiv2][body] GET https://firebase.googleapis.com/v1beta1/operations/workflows/OWZkNmUzMTEtNzEyYi00OGUwLTlmYjctMzRjNDI0ZWI4OWY2 {"name":"operations/workflows/OWZkNmUzMTEtNzEyYi00OGUwLTlmYjctMzRjNDI0ZWI4OWY2","done":true,"response":{"@type":"type.googleapis.com/google.firebase.service.v1beta1.FirebaseProject","projectId":"new-paratlas-landing","projectNumber":"423198708032","displayName":"par-landing","name":"projects/new-paratlas-landing","resources":{"hostingSite":"new-paratlas-landing"}}}
[info] 
[info] === Your Firebase project is ready! ===
[info] 
[info] Project information:
[info]    - Project ID: new-paratlas-landing
[info]    - Project Name: par-landing
[info] 
[info] Firebase console is available at
[info] https://console.firebase.google.com/project/new-paratlas-landing/overview
[info] i  Using project new-paratlas-landing (par-landing) 
[info] 
=== Hosting Setup
[info] 
[info] Your public directory is the folder (relative to your project directory) that
[info] will contain Hosting assets to be uploaded with firebase deploy. If you
[info] have a build process for your assets, use your build's output directory.
[info] 
